-------------------------------------------------------------------------------
Test set: com.backend.app.abanico.SpringbootServiceAbanicoApplicationTests
-------------------------------------------------------------------------------
Tests run: 1, Failures: 0, Errors: 1, Skipped: 0, Time elapsed: 1.147 s <<< FAILURE! - in com.backend.app.abanico.SpringbootServiceAbanicoApplicationTests
contextLoads  Time elapsed: 0.009 s  <<< ERROR!
java.lang.IllegalStateException: Failed to load ApplicationContext
Caused by: org.springframework.beans.factory.BeanDefinitionStoreException: Failed to parse configuration class [com.backend.app.abanico.SpringbootServiceAbanicoApplication]; nested exception is org.springframework.context.annotation.ConflictingBeanDefinitionException: Annotation-specified bean name 'abanicoController' for bean class [com.backend.app.abanico.models.controllers.AbanicoController] conflicts with existing, non-compatible bean definition of same name and class [com.backend.app.abanico.controllers.AbanicoController]
Caused by: org.springframework.context.annotation.ConflictingBeanDefinitionException: Annotation-specified bean name 'abanicoController' for bean class [com.backend.app.abanico.models.controllers.AbanicoController] conflicts with existing, non-compatible bean definition of same name and class [com.backend.app.abanico.controllers.AbanicoController]

